{
  "RSpec": {
    "coverage": {
      "/Users/sakus/Dropbox/Studies/helsinki university/2013-2014 periodi 3/ruby_on_rails/sorsat/ratebeer/config/environment.rb": [
        null,
        1,
        null,
        null,
        1
      ],
      "/Users/sakus/Dropbox/Studies/helsinki university/2013-2014 periodi 3/ruby_on_rails/sorsat/ratebeer/config/application.rb": [
        1,
        null,
        1,
        null,
        null,
        null,
        1,
        null,
        1,
        1,
        null,
        1,
        null,
        null,
        null,
        null,
        null,
        null,
        null,
        null,
        null,
        null,
        null,
        null,
        null,
        null
      ],
      "/Users/sakus/Dropbox/Studies/helsinki university/2013-2014 periodi 3/ruby_on_rails/sorsat/ratebeer/config/boot.rb": [
        null,
        1,
        null,
        1
      ],
      "/Users/sakus/Dropbox/Studies/helsinki university/2013-2014 periodi 3/ruby_on_rails/sorsat/ratebeer/config/environments/test.rb": [
        1,
        null,
        null,
        null,
        null,
        null,
        null,
        1,
        null,
        null,
        null,
        null,
        1,
        null,
        null,
        1,
        1,
        null,
        null,
        1,
        1,
        null,
        null,
        1,
        null,
        null,
        1,
        null,
        null,
        null,
        null,
        1,
        null,
        null,
        1,
        null
      ],
      "/Users/sakus/Dropbox/Studies/helsinki university/2013-2014 periodi 3/ruby_on_rails/sorsat/ratebeer/config/initializers/backtrace_silencers.rb": [
        null,
        null,
        null,
        null,
        null,
        null,
        null
      ],
      "/Users/sakus/Dropbox/Studies/helsinki university/2013-2014 periodi 3/ruby_on_rails/sorsat/ratebeer/config/initializers/filter_parameter_logging.rb": [
        null,
        null,
        null,
        1
      ],
      "/Users/sakus/Dropbox/Studies/helsinki university/2013-2014 periodi 3/ruby_on_rails/sorsat/ratebeer/config/initializers/inflections.rb": [
        null,
        null,
        null,
        null,
        null,
        null,
        null,
        null,
        null,
        null,
        null,
        null,
        null,
        null,
        null,
        null
      ],
      "/Users/sakus/Dropbox/Studies/helsinki university/2013-2014 periodi 3/ruby_on_rails/sorsat/ratebeer/config/initializers/mime_types.rb": [
        null,
        null,
        null,
        null,
        null
      ],
      "/Users/sakus/Dropbox/Studies/helsinki university/2013-2014 periodi 3/ruby_on_rails/sorsat/ratebeer/config/initializers/secret_token.rb": [
        null,
        null,
        null,
        null,
        null,
        null,
        null,
        null,
        null,
        null,
        null,
        1
      ],
      "/Users/sakus/Dropbox/Studies/helsinki university/2013-2014 periodi 3/ruby_on_rails/sorsat/ratebeer/config/initializers/session_store.rb": [
        null,
        null,
        1
      ],
      "/Users/sakus/Dropbox/Studies/helsinki university/2013-2014 periodi 3/ruby_on_rails/sorsat/ratebeer/config/initializers/wrap_parameters.rb": [
        null,
        null,
        null,
        null,
        null,
        null,
        1,
        1,
        null,
        null,
        null,
        null,
        null,
        null
      ],
      "/Users/sakus/Dropbox/Studies/helsinki university/2013-2014 periodi 3/ruby_on_rails/sorsat/ratebeer/spec/factories.rb": [
        1,
        1,
        1,
        1,
        1,
        null,
        null,
        1,
        1,
        null,
        null,
        1,
        1,
        null,
        null,
        1,
        1,
        1,
        null,
        null,
        1,
        1,
        1,
        1,
        null,
        null,
        null
      ],
      "/Users/sakus/Dropbox/Studies/helsinki university/2013-2014 periodi 3/ruby_on_rails/sorsat/ratebeer/app/models/rating.rb": [
        1,
        null,
        1,
        1,
        null,
        1,
        null,
        null,
        null,
        1,
        10,
        null,
        null,
        null
      ],
      "/Users/sakus/Dropbox/Studies/helsinki university/2013-2014 periodi 3/ruby_on_rails/sorsat/ratebeer/config/routes.rb": [
        1,
        1,
        null,
        1,
        null,
        1,
        null,
        1,
        null,
        1,
        null,
        null,
        null,
        null,
        null,
        null,
        1,
        null,
        null,
        null,
        null,
        null,
        null,
        null,
        1,
        null,
        1,
        null,
        1,
        null,
        1,
        1,
        1,
        null,
        null,
        null,
        null,
        null,
        null,
        null,
        null,
        null,
        null,
        null,
        null,
        null,
        null,
        null,
        null,
        null,
        null,
        null,
        null,
        null,
        null,
        null,
        null,
        null,
        null,
        null,
        null,
        null,
        null,
        null,
        null,
        null,
        null,
        null,
        null,
        null,
        null,
        null,
        null,
        null,
        null,
        null,
        null,
        null,
        null,
        null,
        null,
        null,
        null
      ],
      "/Users/sakus/Dropbox/Studies/helsinki university/2013-2014 periodi 3/ruby_on_rails/sorsat/ratebeer/app/helpers/application_helper.rb": [
        1,
        null
      ],
      "/Users/sakus/Dropbox/Studies/helsinki university/2013-2014 periodi 3/ruby_on_rails/sorsat/ratebeer/app/helpers/beer_clubs_helper.rb": [
        1,
        null
      ],
      "/Users/sakus/Dropbox/Studies/helsinki university/2013-2014 periodi 3/ruby_on_rails/sorsat/ratebeer/app/helpers/beers_helper.rb": [
        1,
        null
      ],
      "/Users/sakus/Dropbox/Studies/helsinki university/2013-2014 periodi 3/ruby_on_rails/sorsat/ratebeer/app/helpers/breweries_helper.rb": [
        1,
        null
      ],
      "/Users/sakus/Dropbox/Studies/helsinki university/2013-2014 periodi 3/ruby_on_rails/sorsat/ratebeer/app/helpers/memberships_helper.rb": [
        1,
        null
      ],
      "/Users/sakus/Dropbox/Studies/helsinki university/2013-2014 periodi 3/ruby_on_rails/sorsat/ratebeer/app/helpers/users_helper.rb": [
        1,
        null
      ],
      "/Users/sakus/Dropbox/Studies/helsinki university/2013-2014 periodi 3/ruby_on_rails/sorsat/ratebeer/spec/support/helpers/own_test_helper.rb": [
        1,
        null,
        1,
        8,
        8,
        8,
        8,
        null,
        null
      ],
      "/Users/sakus/Dropbox/Studies/helsinki university/2013-2014 periodi 3/ruby_on_rails/sorsat/ratebeer/spec/features/breweries_page_spec.rb": [
        1,
        null,
        1,
        1,
        1,
        1,
        1,
        null,
        null,
        null,
        1,
        1,
        2,
        2,
        2,
        6,
        null,
        null,
        2,
        null,
        null,
        1,
        1,
        1,
        3,
        null,
        null,
        null,
        1,
        1,
        null,
        1,
        1,
        null,
        null,
        null,
        null
      ],
      "/Users/sakus/Dropbox/Studies/helsinki university/2013-2014 periodi 3/ruby_on_rails/sorsat/ratebeer/spec/features/ratings_spec.rb": [
        1,
        1,
        null,
        1,
        5,
        5,
        5,
        5,
        5,
        null,
        1,
        4,
        null,
        null,
        1,
        1,
        1,
        1,
        null,
        1,
        1,
        2,
        null,
        1,
        1,
        1,
        null,
        null,
        1,
        1,
        1,
        1,
        1,
        1,
        1,
        1,
        null,
        null,
        1,
        1,
        1,
        1,
        1,
        1,
        1,
        1,
        1,
        1,
        1,
        1,
        1,
        1,
        null,
        null,
        1,
        1,
        1,
        1,
        1,
        1,
        2,
        null,
        null,
        null
      ],
      "/Users/sakus/Dropbox/Studies/helsinki university/2013-2014 periodi 3/ruby_on_rails/sorsat/ratebeer/spec/features/users_spec.rb": [
        1,
        1,
        null,
        1,
        null,
        5,
        null,
        1,
        1,
        1,
        1,
        1,
        null,
        null,
        1,
        1,
        1,
        1,
        null,
        null,
        1,
        1,
        1,
        1,
        1,
        null,
        1,
        1,
        2,
        null,
        null,
        1,
        1,
        1,
        1,
        1,
        1,
        1,
        1,
        1,
        null,
        null,
        null,
        null
      ],
      "/Users/sakus/Dropbox/Studies/helsinki university/2013-2014 periodi 3/ruby_on_rails/sorsat/ratebeer/spec/models/beer_spec.rb": [
        1,
        null,
        1,
        null,
        4,
        null,
        1,
        1,
        1,
        1,
        null,
        null,
        1,
        1,
        1,
        1,
        null,
        null,
        1,
        1,
        1,
        1,
        null,
        null,
        null
      ],
      "/Users/sakus/Dropbox/Studies/helsinki university/2013-2014 periodi 3/ruby_on_rails/sorsat/ratebeer/app/models/beer.rb": [
        1,
        null,
        1,
        null,
        1,
        1,
        1,
        null,
        1,
        1,
        null,
        null,
        1,
        2,
        null,
        null,
        null
      ],
      "/Users/sakus/Dropbox/Studies/helsinki university/2013-2014 periodi 3/ruby_on_rails/sorsat/ratebeer/app/models/concerns/rating_average.rb": [
        1,
        1,
        null,
        1,
        2,
        null,
        null
      ],
      "/Users/sakus/Dropbox/Studies/helsinki university/2013-2014 periodi 3/ruby_on_rails/sorsat/ratebeer/spec/models/brewery_spec.rb": [
        1,
        null,
        1,
        null,
        1,
        4,
        null,
        2,
        2,
        2,
        null,
        null,
        null
      ],
      "/Users/sakus/Dropbox/Studies/helsinki university/2013-2014 periodi 3/ruby_on_rails/sorsat/ratebeer/app/models/brewery.rb": [
        1,
        null,
        1,
        null,
        2,
        null,
        1,
        1,
        null,
        1,
        1,
        null,
        null,
        null,
        null
      ],
      "/Users/sakus/Dropbox/Studies/helsinki university/2013-2014 periodi 3/ruby_on_rails/sorsat/ratebeer/spec/models/user_spec.rb": [
        1,
        null,
        1,
        11,
        11,
        11,
        null,
        null,
        1,
        1,
        5,
        null,
        null,
        null,
        1,
        2,
        2,
        2,
        2,
        null,
        null,
        1,
        1,
        1,
        1,
        null,
        null,
        1,
        1,
        1,
        1,
        null,
        null,
        null,
        1,
        1,
        1,
        1,
        null,
        null,
        1,
        1,
        1,
        1,
        null,
        null,
        null,
        1,
        3,
        null,
        1,
        1,
        1,
        null,
        null,
        1,
        null,
        1,
        1,
        null,
        1,
        1,
        null,
        null,
        null,
        null,
        1,
        5,
        null,
        1,
        1,
        null,
        null,
        1,
        1,
        null,
        null,
        1,
        1,
        null,
        1,
        null,
        null,
        1,
        1,
        1,
        null,
        1,
        null,
        null,
        null,
        1,
        5,
        null,
        1,
        1,
        null,
        null,
        1,
        1,
        null,
        null,
        1,
        1,
        1,
        null,
        null,
        1,
        1,
        1,
        1,
        null,
        null,
        null,
        null,
        1,
        5,
        null,
        1,
        1,
        null,
        null,
        1,
        1,
        null,
        null,
        1,
        1,
        1,
        null,
        null,
        1,
        1,
        1,
        1,
        null,
        null,
        null,
        null,
        null
      ],
      "/Users/sakus/Dropbox/Studies/helsinki university/2013-2014 periodi 3/ruby_on_rails/sorsat/ratebeer/app/models/user.rb": [
        1,
        null,
        1,
        null,
        1,
        null,
        1,
        1,
        null,
        1,
        1,
        null,
        1,
        1,
        null,
        1,
        3,
        2,
        null,
        null,
        1,
        9,
        null,
        8,
        null,
        null,
        null,
        null,
        48,
        null,
        null,
        null,
        1,
        9,
        null,
        8,
        8,
        null,
        8,
        9,
        null,
        null,
        17,
        null,
        null,
        null,
        1,
        9,
        9,
        9,
        13,
        11,
        11,
        null,
        null,
        9,
        9,
        9,
        null,
        0,
        null,
        null,
        null,
        null,
        1,
        40,
        40,
        40,
        55,
        11,
        11,
        null,
        null,
        40,
        9,
        9,
        null,
        31,
        null,
        null,
        null,
        null
      ],
      "/Users/sakus/Dropbox/Studies/helsinki university/2013-2014 periodi 3/ruby_on_rails/sorsat/ratebeer/app/controllers/breweries_controller.rb": [
        1,
        1,
        1,
        null,
        null,
        null,
        1,
        3,
        null,
        null,
        null,
        null,
        1,
        null,
        null,
        null,
        1,
        0,
        null,
        null,
        null,
        1,
        null,
        null,
        null,
        null,
        1,
        0,
        null,
        0,
        0,
        0,
        0,
        null,
        0,
        0,
        null,
        null,
        null,
        null,
        null,
        null,
        1,
        0,
        0,
        0,
        0,
        null,
        0,
        0,
        null,
        null,
        null,
        null,
        null,
        null,
        1,
        0,
        0,
        0,
        0,
        null,
        null,
        null,
        1,
        null,
        1,
        1,
        null,
        null,
        null,
        1,
        0,
        null,
        null,
        null
      ],
      "/Users/sakus/Dropbox/Studies/helsinki university/2013-2014 periodi 3/ruby_on_rails/sorsat/ratebeer/app/controllers/application_controller.rb": [
        1,
        null,
        null,
        1,
        null,
        1,
        null,
        1,
        152,
        102,
        null,
        null,
        1,
        4,
        null,
        null,
        null
      ],
      "/Users/sakus/Dropbox/Studies/helsinki university/2013-2014 periodi 3/ruby_on_rails/sorsat/ratebeer/app/controllers/sessions_controller.rb": [
        1,
        1,
        null,
        null,
        null,
        1,
        8,
        8,
        1,
        null,
        7,
        7,
        null,
        null,
        null,
        1,
        0,
        0,
        null,
        null
      ],
      "/Users/sakus/Dropbox/Studies/helsinki university/2013-2014 periodi 3/ruby_on_rails/sorsat/ratebeer/app/controllers/users_controller.rb": [
        1,
        1,
        null,
        null,
        null,
        1,
        0,
        null,
        null,
        null,
        null,
        1,
        null,
        null,
        null,
        1,
        1,
        null,
        null,
        null,
        1,
        null,
        null,
        null,
        null,
        1,
        1,
        null,
        1,
        1,
        2,
        1,
        null,
        0,
        0,
        null,
        null,
        null,
        null,
        null,
        null,
        1,
        0,
        0,
        0,
        0,
        null,
        0,
        0,
        null,
        null,
        null,
        null,
        null,
        null,
        1,
        0,
        0,
        0,
        0,
        0,
        0,
        null,
        null,
        null,
        null,
        1,
        null,
        1,
        14,
        null,
        null,
        null,
        1,
        1,
        null,
        null
      ],
      "/Users/sakus/Dropbox/Studies/helsinki university/2013-2014 periodi 3/ruby_on_rails/sorsat/ratebeer/app/models/membership.rb": [
        1,
        1,
        1,
        null,
        1,
        null
      ],
      "/Users/sakus/Dropbox/Studies/helsinki university/2013-2014 periodi 3/ruby_on_rails/sorsat/ratebeer/app/models/beer_club.rb": [
        1,
        1,
        1,
        null
      ],
      "/Users/sakus/Dropbox/Studies/helsinki university/2013-2014 periodi 3/ruby_on_rails/sorsat/ratebeer/app/controllers/ratings_controller.rb": [
        1,
        null,
        1,
        1,
        null,
        null,
        1,
        1,
        1,
        null,
        null,
        1,
        1,
        null,
        1,
        0,
        1,
        1,
        1,
        null,
        0,
        0,
        null,
        null,
        null,
        1,
        1,
        1,
        1,
        null,
        null,
        null
      ],
      "/Users/sakus/Dropbox/Studies/helsinki university/2013-2014 periodi 3/ruby_on_rails/sorsat/ratebeer/app/controllers/beers_controller.rb": [
        1,
        1,
        1,
        null,
        1,
        4,
        4,
        null,
        null,
        1,
        null,
        null,
        null,
        1,
        1,
        null,
        null,
        null,
        null,
        1,
        null,
        null,
        null,
        1,
        2,
        null,
        null,
        null,
        1,
        null,
        null,
        null,
        null,
        1,
        2,
        null,
        2,
        2,
        2,
        1,
        null,
        2,
        1,
        null,
        null,
        null,
        null,
        null,
        null,
        1,
        0,
        0,
        0,
        0,
        null,
        0,
        0,
        null,
        null,
        null,
        null,
        null,
        null,
        1,
        0,
        0,
        0,
        0,
        null,
        null,
        null,
        1,
        null,
        1,
        0,
        null,
        null,
        null,
        1,
        2,
        null,
        null
      ],
      "/Users/sakus/Dropbox/Studies/helsinki university/2013-2014 periodi 3/ruby_on_rails/sorsat/ratebeer/app/controllers/beer_clubs_controller.rb": [
        1,
        1,
        1,
        null,
        null,
        null,
        1,
        0,
        null,
        null,
        null,
        null,
        1,
        null,
        null,
        null,
        1,
        0,
        null,
        null,
        null,
        1,
        null,
        null,
        null,
        null,
        1,
        0,
        null,
        0,
        0,
        0,
        0,
        null,
        0,
        0,
        null,
        null,
        null,
        null,
        null,
        null,
        1,
        0,
        0,
        0,
        0,
        null,
        0,
        0,
        null,
        null,
        null,
        null,
        null,
        null,
        1,
        0,
        0,
        0,
        0,
        null,
        null,
        null,
        1,
        null,
        1,
        0,
        null,
        null,
        null,
        1,
        0,
        null,
        null
      ]
    },
    "timestamp": 1391964387
  }
}
